<?xml version="1.0" encoding="UTF-8"?>
<testng-results skipped="0" failed="1" total="1" passed="0">
  <reporter-output>
  </reporter-output>
  <suite name="Generic Integration test suite" duration-ms="527" started-at="2017-09-18T10:14:56Z" finished-at="2017-09-18T10:14:57Z">
    <groups>
    </groups>
    <test name="org.wso2.das" duration-ms="527" started-at="2017-09-18T10:14:56Z" finished-at="2017-09-18T10:14:57Z">
      <class name="org.wso2.extension.siddhi.io.websocket.sink.WebsocketSinkTestCase">
        <test-method status="PASS" signature="init()[pri:0, instance:org.wso2.extension.siddhi.io.websocket.sink.WebsocketSinkTestCase@2063c53e]" name="init" is-config="true" duration-ms="11" started-at="2017-09-18T15:44:56Z" finished-at="2017-09-18T15:44:56Z">
          <reporter-output>
          </reporter-output>
        </test-method> <!-- init -->
        <test-method status="FAIL" signature="websocketSinkAndSourceTestCase()[pri:0, instance:org.wso2.extension.siddhi.io.websocket.sink.WebsocketSinkTestCase@2063c53e]" name="websocketSinkAndSourceTestCase" duration-ms="498" started-at="2017-09-18T15:44:56Z" finished-at="2017-09-18T15:44:57Z">
          <exception class="java.lang.NullPointerException">
            <full-stacktrace>
              <![CDATA[java.lang.NullPointerException
	at org.wso2.extension.siddhi.io.websocket.sink.WebsocketSink.connect(WebsocketSink.java:118)
	at org.wso2.siddhi.core.stream.output.sink.Sink.connectWithRetry(Sink.java:163)
	at org.wso2.siddhi.core.SiddhiAppRuntime.start(SiddhiAppRuntime.java:273)
	at org.wso2.extension.siddhi.io.websocket.sink.WebsocketSinkTestCase.websocketSinkAndSourceTestCase(WebsocketSinkTestCase.java:68)
	at sun.reflect.NativeMethodAccessorImpl.invoke0(Native Method)
	at sun.reflect.NativeMethodAccessorImpl.invoke(NativeMethodAccessorImpl.java:62)
	at sun.reflect.DelegatingMethodAccessorImpl.invoke(DelegatingMethodAccessorImpl.java:43)
	at java.lang.reflect.Method.invoke(Method.java:498)
	at org.testng.internal.MethodInvocationHelper.invokeMethod(MethodInvocationHelper.java:80)
	at org.testng.internal.Invoker.invokeMethod(Invoker.java:714)
	at org.testng.internal.Invoker.invokeTestMethod(Invoker.java:901)
	at org.testng.internal.Invoker.invokeTestMethods(Invoker.java:1231)
	at org.testng.internal.TestMethodWorker.invokeTestMethods(TestMethodWorker.java:127)
	at org.testng.internal.TestMethodWorker.run(TestMethodWorker.java:111)
	at org.testng.TestRunner.privateRun(TestRunner.java:767)
	at org.testng.TestRunner.run(TestRunner.java:617)
	at org.testng.SuiteRunner.runTest(SuiteRunner.java:334)
	at org.testng.SuiteRunner.runSequentially(SuiteRunner.java:329)
	at org.testng.SuiteRunner.privateRun(SuiteRunner.java:291)
	at org.testng.SuiteRunner.run(SuiteRunner.java:240)
	at org.testng.SuiteRunnerWorker.runSuite(SuiteRunnerWorker.java:52)
	at org.testng.SuiteRunnerWorker.run(SuiteRunnerWorker.java:86)
	at org.testng.TestNG.runSuitesSequentially(TestNG.java:1198)
	at org.testng.TestNG.runSuitesLocally(TestNG.java:1123)
	at org.testng.TestNG.run(TestNG.java:1031)
	at org.apache.maven.surefire.testng.TestNGExecutor.run(TestNGExecutor.java:178)
	at org.apache.maven.surefire.testng.TestNGXmlTestSuite.execute(TestNGXmlTestSuite.java:92)
	at org.apache.maven.surefire.testng.TestNGProvider.invoke(TestNGProvider.java:96)
	at sun.reflect.NativeMethodAccessorImpl.invoke0(Native Method)
	at sun.reflect.NativeMethodAccessorImpl.invoke(NativeMethodAccessorImpl.java:62)
	at sun.reflect.DelegatingMethodAccessorImpl.invoke(DelegatingMethodAccessorImpl.java:43)
	at java.lang.reflect.Method.invoke(Method.java:498)
	at org.apache.maven.surefire.util.ReflectionUtils.invokeMethodWithArray(ReflectionUtils.java:189)
	at org.apache.maven.surefire.booter.ProviderFactory$ProviderProxy.invoke(ProviderFactory.java:165)
	at org.apache.maven.surefire.booter.ProviderFactory.invokeProvider(ProviderFactory.java:85)
	at org.apache.maven.surefire.booter.ForkedBooter.runSuitesInProcess(ForkedBooter.java:115)
	at org.apache.maven.surefire.booter.ForkedBooter.main(ForkedBooter.java:75)
]]>
            </full-stacktrace>
          </exception> <!-- java.lang.NullPointerException -->
          <reporter-output>
          </reporter-output>
        </test-method> <!-- websocketSinkAndSourceTestCase -->
      </class> <!-- org.wso2.extension.siddhi.io.websocket.sink.WebsocketSinkTestCase -->
    </test> <!-- org.wso2.das -->
  </suite> <!-- Generic Integration test suite -->
</testng-results>
