<?xml version="1.0" encoding="UTF-8"?>
<testng-results skipped="0" failed="0" total="1" passed="1">
  <reporter-output>
  </reporter-output>
  <suite name="Generic Integration test suite" duration-ms="1654" started-at="2017-09-20T06:10:22Z" finished-at="2017-09-20T06:10:24Z">
    <groups>
    </groups>
    <test name="org.wso2.das" duration-ms="1654" started-at="2017-09-20T06:10:22Z" finished-at="2017-09-20T06:10:24Z">
      <class name="org.wso2.extension.siddhi.io.websocket.sink.WebsocketSinkTestCase">
        <test-method status="PASS" signature="init()[pri:0, instance:org.wso2.extension.siddhi.io.websocket.sink.WebsocketSinkTestCase@1549bba7]" name="init" is-config="true" duration-ms="8" started-at="2017-09-20T11:40:22Z" finished-at="2017-09-20T11:40:22Z">
          <reporter-output>
          </reporter-output>
        </test-method> <!-- init -->
        <test-method status="PASS" signature="websocketSinkAndSourceTestCase()[pri:0, instance:org.wso2.extension.siddhi.io.websocket.sink.WebsocketSinkTestCase@1549bba7]" name="websocketSinkAndSourceTestCase" duration-ms="1628" started-at="2017-09-20T11:40:22Z" finished-at="2017-09-20T11:40:24Z">
          <reporter-output>
          </reporter-output>
        </test-method> <!-- websocketSinkAndSourceTestCase -->
      </class> <!-- org.wso2.extension.siddhi.io.websocket.sink.WebsocketSinkTestCase -->
    </test> <!-- org.wso2.das -->
  </suite> <!-- Generic Integration test suite -->
</testng-results>
