<?xml version="1.0" encoding="UTF-8" ?>
<testsuite tests="1" failures="1" name="TestSuite" time="0.508" errors="0" skipped="0">
  <properties>
[...]
</properties>
  <testcase classname="org.wso2.extension.siddhi.io.websocket.sink.WebsocketSinkTestCase" name="websocketSinkAndSourceTestCase" time="0.508">
    <failure type="java.lang.NullPointerException">java.lang.NullPointerException
	at org.wso2.extension.siddhi.io.websocket.sink.WebsocketSink.connect(WebsocketSink.java:118)
	at org.wso2.siddhi.core.stream.output.sink.Sink.connectWithRetry(Sink.java:163)
	at org.wso2.siddhi.core.SiddhiAppRuntime.start(SiddhiAppRuntime.java:273)
	at org.wso2.extension.siddhi.io.websocket.sink.WebsocketSinkTestCase.websocketSinkAndSourceTestCase(WebsocketSinkTestCase.java:68)
</failure>
    <system-out>---------------------------------------------------------------------------------------------
websocket sink and source test case
---------------------------------------------------------------------------------------------
Error on &apos;TestExecutionPlan&apos;. Error while connecting at Sink &apos;websocket&apos; at &apos;BarStream1&apos;.
java.lang.NullPointerException
	at org.wso2.extension.siddhi.io.websocket.sink.WebsocketSink.connect(WebsocketSink.java:118)
	at org.wso2.siddhi.core.stream.output.sink.Sink.connectWithRetry(Sink.java:163)
	at org.wso2.siddhi.core.SiddhiAppRuntime.start(SiddhiAppRuntime.java:273)
	at org.wso2.extension.siddhi.io.websocket.sink.WebsocketSinkTestCase.websocketSinkAndSourceTestCase(WebsocketSinkTestCase.java:68)
	at sun.reflect.NativeMethodAccessorImpl.invoke0(Native Method)
	at sun.reflect.NativeMethodAccessorImpl.invoke(NativeMethodAccessorImpl.java:62)
	at sun.reflect.DelegatingMethodAccessorImpl.invoke(DelegatingMethodAccessorImpl.java:43)
	at java.lang.reflect.Method.invoke(Method.java:498)
	at org.testng.internal.MethodInvocationHelper.invokeMethod(MethodInvocationHelper.java:80)
	at org.testng.internal.Invoker.invokeMethod(Invoker.java:714)
	at org.testng.internal.Invoker.invokeTestMethod(Invoker.java:901)
	at org.testng.internal.Invoker.invokeTestMethods(Invoker.java:1231)
	at org.testng.internal.TestMethodWorker.invokeTestMethods(TestMethodWorker.java:127)
	at org.testng.internal.TestMethodWorker.run(TestMethodWorker.java:111)
	at org.testng.TestRunner.privateRun(TestRunner.java:767)
	at org.testng.TestRunner.run(TestRunner.java:617)
	at org.testng.SuiteRunner.runTest(SuiteRunner.java:334)
	at org.testng.SuiteRunner.runSequentially(SuiteRunner.java:329)
	at org.testng.SuiteRunner.privateRun(SuiteRunner.java:291)
	at org.testng.SuiteRunner.run(SuiteRunner.java:240)
	at org.testng.SuiteRunnerWorker.runSuite(SuiteRunnerWorker.java:52)
	at org.testng.SuiteRunnerWorker.run(SuiteRunnerWorker.java:86)
	at org.testng.TestNG.runSuitesSequentially(TestNG.java:1198)
	at org.testng.TestNG.runSuitesLocally(TestNG.java:1123)
	at org.testng.TestNG.run(TestNG.java:1031)
	at org.apache.maven.surefire.testng.TestNGExecutor.run(TestNGExecutor.java:178)
	at org.apache.maven.surefire.testng.TestNGXmlTestSuite.execute(TestNGXmlTestSuite.java:92)
	at org.apache.maven.surefire.testng.TestNGProvider.invoke(TestNGProvider.java:96)
	at sun.reflect.NativeMethodAccessorImpl.invoke0(Native Method)
	at sun.reflect.NativeMethodAccessorImpl.invoke(NativeMethodAccessorImpl.java:62)
	at sun.reflect.DelegatingMethodAccessorImpl.invoke(DelegatingMethodAccessorImpl.java:43)
	at java.lang.reflect.Method.invoke(Method.java:498)
	at org.apache.maven.surefire.util.ReflectionUtils.invokeMethodWithArray(ReflectionUtils.java:189)
	at org.apache.maven.surefire.booter.ProviderFactory$ProviderProxy.invoke(ProviderFactory.java:165)
	at org.apache.maven.surefire.booter.ProviderFactory.invokeProvider(ProviderFactory.java:85)
	at org.apache.maven.surefire.booter.ForkedBooter.runSuitesInProcess(ForkedBooter.java:115)
	at org.apache.maven.surefire.booter.ForkedBooter.main(ForkedBooter.java:75)
</system-out>
  </testcase>
</testsuite>