GROUP,PACKAGE,CLASS,INSTRUCTION_MISSED,INSTRUCTION_COVERED,BRANCH_MISSED,BRANCH_COVERED,LINE_MISSED,LINE_COVERED,COMPLEXITY_MISSED,COMPLEXITY_COVERED,METHOD_MISSED,METHOD_COVERED
siddhi-io-websocket,org.wso2.extension.siddhi.io.websocket.source,WebsocketSource,5,62,0,0,4,16,4,8,4,8
siddhi-io-websocket,org.wso2.extension.siddhi.io.websocket.source,WebsocketSource.new HandshakeListener() {...},4,14,0,0,2,3,1,2,1,2
siddhi-io-websocket,org.wso2.extension.siddhi.io.websocket.sink,WebsocketSink,5,60,0,0,4,16,4,7,4,7
siddhi-io-websocket,org.wso2.extension.siddhi.io.websocket.sink,WebsocketPublisher.new HandshakeListener() {...},8,13,0,0,4,4,1,2,1,2
siddhi-io-websocket,org.wso2.extension.siddhi.io.websocket.sink,WebsocketPublisher,3,20,0,0,1,6,1,3,1,3
siddhi-io-websocket,org.wso2.extension.siddhi.io.websocket.util,WebSocketClientConnectorListener,4,35,0,0,4,13,4,7,4,7
