<?xml version="1.0" encoding="UTF-8"?>
<!-- Generated by org.testng.reporters.JUnitXMLReporter -->
<testsuite hostname="wso2-ThinkPad-T540p" name="org.wso2.das" tests="1" failures="1" timestamp="18 Sep 2017 10:14:57 GMT" time="0.527" errors="0">
  <testcase name="websocketSinkAndSourceTestCase" time="0.498" classname="org.wso2.extension.siddhi.io.websocket.sink.WebsocketSinkTestCase">
    <failure type="java.lang.NullPointerException">
      <![CDATA[java.lang.NullPointerException
	at org.wso2.extension.siddhi.io.websocket.sink.WebsocketSink.connect(WebsocketSink.java:118)
	at org.wso2.siddhi.core.stream.output.sink.Sink.connectWithRetry(Sink.java:163)
	at org.wso2.siddhi.core.SiddhiAppRuntime.start(SiddhiAppRuntime.java:273)
	at org.wso2.extension.siddhi.io.websocket.sink.WebsocketSinkTestCase.websocketSinkAndSourceTestCase(WebsocketSinkTestCase.java:68)
	at org.apache.maven.surefire.testng.TestNGExecutor.run(TestNGExecutor.java:178)
	at org.apache.maven.surefire.testng.TestNGXmlTestSuite.execute(TestNGXmlTestSuite.java:92)
	at org.apache.maven.surefire.testng.TestNGProvider.invoke(TestNGProvider.java:96)
	at org.apache.maven.surefire.util.ReflectionUtils.invokeMethodWithArray(ReflectionUtils.java:189)
	at org.apache.maven.surefire.booter.ProviderFactory$ProviderProxy.invoke(ProviderFactory.java:165)
	at org.apache.maven.surefire.booter.ProviderFactory.invokeProvider(ProviderFactory.java:85)
	at org.apache.maven.surefire.booter.ForkedBooter.runSuitesInProcess(ForkedBooter.java:115)
	at org.apache.maven.surefire.booter.ForkedBooter.main(ForkedBooter.java:75)
... Removed 25 stack frames]]>
    </failure>
  </testcase> <!-- websocketSinkAndSourceTestCase -->
</testsuite> <!-- org.wso2.das -->
